<?xml version="1.0" encoding="UTF-8"?>
<testsuite xmlns:xsi="http://www.w3.org/2001/XMLSchema-instance" xsi:noNamespaceSchemaLocation="https://maven.apache.org/surefire/maven-surefire-plugin/xsd/surefire-test-report.xsd" name="SecondTest" time="22.7" tests="1" errors="0" skipped="0" failures="0">
  <properties>
    <property name="sun.desktop" value="gnome"/>
    <property name="awt.toolkit" value="sun.awt.X11.XToolkit"/>
    <property name="java.specification.version" value="11"/>
    <property name="sun.cpu.isalist" value=""/>
    <property name="sun.jnu.encoding" value="UTF-8"/>
    <property name="java.class.path" value="/home/voronjuk/.m2/repository/org/apache/maven/surefire/surefire-booter/2.22.2/surefire-booter-2.22.2.jar:/home/voronjuk/.m2/repository/org/apache/maven/surefire/surefire-api/2.22.2/surefire-api-2.22.2.jar:/home/voronjuk/.m2/repository/org/apache/maven/surefire/surefire-logger-api/2.22.2/surefire-logger-api-2.22.2.jar:/home/voronjuk/IdeaProjects/AllureJenkins/target/test-classes:/home/voronjuk/IdeaProjects/AllureJenkins/target/classes:/home/voronjuk/.m2/repository/org/junit/jupiter/junit-jupiter-engine/5.5.2/junit-jupiter-engine-5.5.2.jar:/home/voronjuk/.m2/repository/org/apiguardian/apiguardian-api/1.1.0/apiguardian-api-1.1.0.jar:/home/voronjuk/.m2/repository/org/junit/platform/junit-platform-engine/1.5.2/junit-platform-engine-1.5.2.jar:/home/voronjuk/.m2/repository/org/opentest4j/opentest4j/1.2.0/opentest4j-1.2.0.jar:/home/voronjuk/.m2/repository/org/junit/platform/junit-platform-commons/1.5.2/junit-platform-commons-1.5.2.jar:/home/voronjuk/.m2/repository/org/junit/jupiter/junit-jupiter-api/5.5.2/junit-jupiter-api-5.5.2.jar:/home/voronjuk/.m2/repository/com/codeborne/selenide/5.19.0/selenide-5.19.0.jar:/home/voronjuk/.m2/repository/org/rauschig/jarchivelib/1.1.0/jarchivelib-1.1.0.jar:/home/voronjuk/.m2/repository/org/apache/commons/commons-compress/1.20/commons-compress-1.20.jar:/home/voronjuk/.m2/repository/org/apache/httpcomponents/client5/httpclient5/5.0.3/httpclient5-5.0.3.jar:/home/voronjuk/.m2/repository/org/apache/httpcomponents/core5/httpcore5/5.0.2/httpcore5-5.0.2.jar:/home/voronjuk/.m2/repository/commons-codec/commons-codec/1.13/commons-codec-1.13.jar:/home/voronjuk/.m2/repository/com/google/guava/guava/30.1-jre/guava-30.1-jre.jar:/home/voronjuk/.m2/repository/com/google/guava/failureaccess/1.0.1/failureaccess-1.0.1.jar:/home/voronjuk/.m2/repository/com/google/guava/listenablefuture/9999.0-empty-to-avoid-conflict-with-guava/listenablefuture-9999.0-empty-to-avoid-conflict-with-guava.jar:/home/voronjuk/.m2/repository/com/google/code/findbugs/jsr305/3.0.2/jsr305-3.0.2.jar:/home/voronjuk/.m2/repository/org/checkerframework/checker-qual/3.5.0/checker-qual-3.5.0.jar:/home/voronjuk/.m2/repository/com/google/errorprone/error_prone_annotations/2.3.4/error_prone_annotations-2.3.4.jar:/home/voronjuk/.m2/repository/com/google/j2objc/j2objc-annotations/1.3/j2objc-annotations-1.3.jar:/home/voronjuk/.m2/repository/org/slf4j/slf4j-api/1.7.30/slf4j-api-1.7.30.jar:/home/voronjuk/.m2/repository/io/github/bonigarcia/webdrivermanager/3.8.0/webdrivermanager-3.8.0.jar:/home/voronjuk/.m2/repository/commons-io/commons-io/2.6/commons-io-2.6.jar:/home/voronjuk/.m2/repository/com/google/code/gson/gson/2.8.5/gson-2.8.5.jar:/home/voronjuk/.m2/repository/org/apache/commons/commons-lang3/3.8.1/commons-lang3-3.8.1.jar:/home/voronjuk/.m2/repository/org/apache/httpcomponents/httpclient/4.5.6/httpclient-4.5.6.jar:/home/voronjuk/.m2/repository/org/apache/httpcomponents/httpcore/4.4.10/httpcore-4.4.10.jar:/home/voronjuk/.m2/repository/commons-logging/commons-logging/1.2/commons-logging-1.2.jar:/home/voronjuk/.m2/repository/org/jsoup/jsoup/1.11.3/jsoup-1.11.3.jar:/home/voronjuk/.m2/repository/org/seleniumhq/selenium/selenium-java/3.141.59/selenium-java-3.141.59.jar:/home/voronjuk/.m2/repository/org/seleniumhq/selenium/selenium-api/3.141.59/selenium-api-3.141.59.jar:/home/voronjuk/.m2/repository/org/seleniumhq/selenium/selenium-chrome-driver/3.141.59/selenium-chrome-driver-3.141.59.jar:/home/voronjuk/.m2/repository/org/seleniumhq/selenium/selenium-edge-driver/3.141.59/selenium-edge-driver-3.141.59.jar:/home/voronjuk/.m2/repository/org/seleniumhq/selenium/selenium-firefox-driver/3.141.59/selenium-firefox-driver-3.141.59.jar:/home/voronjuk/.m2/repository/org/seleniumhq/selenium/selenium-ie-driver/3.141.59/selenium-ie-driver-3.141.59.jar:/home/voronjuk/.m2/repository/org/seleniumhq/selenium/selenium-opera-driver/3.141.59/selenium-opera-driver-3.141.59.jar:/home/voronjuk/.m2/repository/org/seleniumhq/selenium/selenium-remote-driver/3.141.59/selenium-remote-driver-3.141.59.jar:/home/voronjuk/.m2/repository/org/seleniumhq/selenium/selenium-safari-driver/3.141.59/selenium-safari-driver-3.141.59.jar:/home/voronjuk/.m2/repository/org/seleniumhq/selenium/selenium-support/3.141.59/selenium-support-3.141.59.jar:/home/voronjuk/.m2/repository/net/bytebuddy/byte-buddy/1.8.15/byte-buddy-1.8.15.jar:/home/voronjuk/.m2/repository/org/apache/commons/commons-exec/1.3/commons-exec-1.3.jar:/home/voronjuk/.m2/repository/com/squareup/okhttp3/okhttp/3.11.0/okhttp-3.11.0.jar:/home/voronjuk/.m2/repository/com/squareup/okio/okio/1.14.0/okio-1.14.0.jar:/home/voronjuk/.m2/repository/ch/qos/logback/logback-classic/1.1.1/logback-classic-1.1.1.jar:/home/voronjuk/.m2/repository/ch/qos/logback/logback-core/1.1.1/logback-core-1.1.1.jar:/home/voronjuk/.m2/repository/io/qameta/allure/allure-junit5/2.13.1/allure-junit5-2.13.1.jar:/home/voronjuk/.m2/repository/io/qameta/allure/allure-junit-platform/2.13.1/allure-junit-platform-2.13.1.jar:/home/voronjuk/.m2/repository/io/qameta/allure/allure-java-commons/2.13.1/allure-java-commons-2.13.1.jar:/home/voronjuk/.m2/repository/io/qameta/allure/allure-model/2.13.1/allure-model-2.13.1.jar:/home/voronjuk/.m2/repository/com/fasterxml/jackson/core/jackson-databind/2.9.8/jackson-databind-2.9.8.jar:/home/voronjuk/.m2/repository/com/fasterxml/jackson/core/jackson-annotations/2.9.0/jackson-annotations-2.9.0.jar:/home/voronjuk/.m2/repository/com/fasterxml/jackson/core/jackson-core/2.9.8/jackson-core-2.9.8.jar:/home/voronjuk/.m2/repository/org/apache/tika/tika-core/1.20/tika-core-1.20.jar:/home/voronjuk/.m2/repository/org/jooq/joor-java-8/0.9.10/joor-java-8-0.9.10.jar:/home/voronjuk/.m2/repository/org/junit/platform/junit-platform-launcher/1.5.2/junit-platform-launcher-1.5.2.jar:/home/voronjuk/.m2/repository/org/apache/maven/plugins/maven-compiler-plugin/3.8.1/maven-compiler-plugin-3.8.1.jar:/home/voronjuk/.m2/repository/org/apache/maven/maven-plugin-api/3.0/maven-plugin-api-3.0.jar:/home/voronjuk/.m2/repository/org/apache/maven/maven-model/3.0/maven-model-3.0.jar:/home/voronjuk/.m2/repository/org/sonatype/sisu/sisu-inject-plexus/1.4.2/sisu-inject-plexus-1.4.2.jar:/home/voronjuk/.m2/repository/org/sonatype/sisu/sisu-inject-bean/1.4.2/sisu-inject-bean-1.4.2.jar:/home/voronjuk/.m2/repository/org/sonatype/sisu/sisu-guice/2.1.7/sisu-guice-2.1.7-noaop.jar:/home/voronjuk/.m2/repository/org/apache/maven/maven-artifact/3.0/maven-artifact-3.0.jar:/home/voronjuk/.m2/repository/org/codehaus/plexus/plexus-utils/2.0.4/plexus-utils-2.0.4.jar:/home/voronjuk/.m2/repository/org/apache/maven/maven-core/3.0/maven-core-3.0.jar:/home/voronjuk/.m2/repository/org/apache/maven/maven-settings/3.0/maven-settings-3.0.jar:/home/voronjuk/.m2/repository/org/apache/maven/maven-settings-builder/3.0/maven-settings-builder-3.0.jar:/home/voronjuk/.m2/repository/org/apache/maven/maven-repository-metadata/3.0/maven-repository-metadata-3.0.jar:/home/voronjuk/.m2/repository/org/apache/maven/maven-model-builder/3.0/maven-model-builder-3.0.jar:/home/voronjuk/.m2/repository/org/apache/maven/maven-aether-provider/3.0/maven-aether-provider-3.0.jar:/home/voronjuk/.m2/repository/org/sonatype/aether/aether-impl/1.7/aether-impl-1.7.jar:/home/voronjuk/.m2/repository/org/sonatype/aether/aether-spi/1.7/aether-spi-1.7.jar:/home/voronjuk/.m2/repository/org/sonatype/aether/aether-api/1.7/aether-api-1.7.jar:/home/voronjuk/.m2/repository/org/sonatype/aether/aether-util/1.7/aether-util-1.7.jar:/home/voronjuk/.m2/repository/org/codehaus/plexus/plexus-interpolation/1.14/plexus-interpolation-1.14.jar:/home/voronjuk/.m2/repository/org/codehaus/plexus/plexus-classworlds/2.2.3/plexus-classworlds-2.2.3.jar:/home/voronjuk/.m2/repository/org/codehaus/plexus/plexus-component-annotations/1.5.5/plexus-component-annotations-1.5.5.jar:/home/voronjuk/.m2/repository/org/sonatype/plexus/plexus-sec-dispatcher/1.3/plexus-sec-dispatcher-1.3.jar:/home/voronjuk/.m2/repository/org/sonatype/plexus/plexus-cipher/1.4/plexus-cipher-1.4.jar:/home/voronjuk/.m2/repository/org/apache/maven/shared/maven-shared-utils/3.2.1/maven-shared-utils-3.2.1.jar:/home/voronjuk/.m2/repository/org/apache/maven/shared/maven-shared-incremental/1.1/maven-shared-incremental-1.1.jar:/home/voronjuk/.m2/repository/org/codehaus/plexus/plexus-java/0.9.10/plexus-java-0.9.10.jar:/home/voronjuk/.m2/repository/org/ow2/asm/asm/6.2/asm-6.2.jar:/home/voronjuk/.m2/repository/com/thoughtworks/qdox/qdox/2.0-M8/qdox-2.0-M8.jar:/home/voronjuk/.m2/repository/org/codehaus/plexus/plexus-compiler-api/2.8.4/plexus-compiler-api-2.8.4.jar:/home/voronjuk/.m2/repository/org/codehaus/plexus/plexus-compiler-manager/2.8.4/plexus-compiler-manager-2.8.4.jar:/home/voronjuk/.m2/repository/org/codehaus/plexus/plexus-compiler-javac/2.8.4/plexus-compiler-javac-2.8.4.jar:/home/voronjuk/.m2/repository/ru/yandex/qatools/allure/allure-maven-plugin/2.6/allure-maven-plugin-2.6.jar:/home/voronjuk/.m2/repository/ru/yandex/qatools/clay/clay-aether/2.5/clay-aether-2.5.jar:/home/voronjuk/.m2/repository/org/eclipse/aether/aether-api/1.0.1.v20141111/aether-api-1.0.1.v20141111.jar:/home/voronjuk/.m2/repository/org/eclipse/aether/aether-util/1.0.1.v20141111/aether-util-1.0.1.v20141111.jar:/home/voronjuk/.m2/repository/org/eclipse/aether/aether-impl/1.0.1.v20141111/aether-impl-1.0.1.v20141111.jar:/home/voronjuk/.m2/repository/org/eclipse/aether/aether-spi/1.0.1.v20141111/aether-spi-1.0.1.v20141111.jar:/home/voronjuk/.m2/repository/org/eclipse/aether/aether-connector-basic/1.0.1.v20141111/aether-connector-basic-1.0.1.v20141111.jar:/home/voronjuk/.m2/repository/org/eclipse/aether/aether-transport-file/1.0.1.v20141111/aether-transport-file-1.0.1.v20141111.jar:/home/voronjuk/.m2/repository/org/eclipse/aether/aether-transport-http/1.0.1.v20141111/aether-transport-http-1.0.1.v20141111.jar:/home/voronjuk/.m2/repository/org/slf4j/jcl-over-slf4j/1.6.2/jcl-over-slf4j-1.6.2.jar:/home/voronjuk/.m2/repository/org/eclipse/aether/aether-transport-wagon/1.0.1.v20141111/aether-transport-wagon-1.0.1.v20141111.jar:/home/voronjuk/.m2/repository/org/apache/maven/wagon/wagon-ssh/2.6/wagon-ssh-2.6.jar:/home/voronjuk/.m2/repository/com/jcraft/jsch/0.1.50/jsch-0.1.50.jar:/home/voronjuk/.m2/repository/com/jcraft/jsch.agentproxy.connector-factory/0.0.6/jsch.agentproxy.connector-factory-0.0.6.jar:/home/voronjuk/.m2/repository/com/jcraft/jsch.agentproxy.core/0.0.6/jsch.agentproxy.core-0.0.6.jar:/home/voronjuk/.m2/repository/com/jcraft/jsch.agentproxy.usocket-jna/0.0.6/jsch.agentproxy.usocket-jna-0.0.6.jar:/home/voronjuk/.m2/repository/net/java/dev/jna/jna/3.4.0/jna-3.4.0.jar:/home/voronjuk/.m2/repository/net/java/dev/jna/platform/3.4.0/platform-3.4.0.jar:/home/voronjuk/.m2/repository/com/jcraft/jsch.agentproxy.usocket-nc/0.0.6/jsch.agentproxy.usocket-nc-0.0.6.jar:/home/voronjuk/.m2/repository/com/jcraft/jsch.agentproxy.sshagent/0.0.6/jsch.agentproxy.sshagent-0.0.6.jar:/home/voronjuk/.m2/repository/com/jcraft/jsch.agentproxy.pageant/0.0.6/jsch.agentproxy.pageant-0.0.6.jar:/home/voronjuk/.m2/repository/com/jcraft/jsch.agentproxy.jsch/0.0.6/jsch.agentproxy.jsch-0.0.6.jar:/home/voronjuk/.m2/repository/org/apache/maven/wagon/wagon-ssh-common/2.6/wagon-ssh-common-2.6.jar:/home/voronjuk/.m2/repository/org/codehaus/plexus/plexus-interactivity-api/1.0-alpha-6/plexus-interactivity-api-1.0-alpha-6.jar:/home/voronjuk/.m2/repository/org/apache/maven/wagon/wagon-file/2.6/wagon-file-2.6.jar:/home/voronjuk/.m2/repository/commons-lang/commons-lang/2.6/commons-lang-2.6.jar:/home/voronjuk/.m2/repository/org/apache/maven/wagon/wagon-http/2.6/wagon-http-2.6.jar:/home/voronjuk/.m2/repository/org/apache/maven/wagon/wagon-http-shared/2.6/wagon-http-shared-2.6.jar:/home/voronjuk/.m2/repository/org/apache/maven/wagon/wagon-http-lightweight/2.6/wagon-http-lightweight-2.6.jar:/home/voronjuk/.m2/repository/ru/yandex/qatools/clay/clay-maven-settings-builder/2.5/clay-maven-settings-builder-2.5.jar:/home/voronjuk/.m2/repository/org/apache/maven/reporting/maven-reporting-impl/2.4/maven-reporting-impl-2.4.jar:/home/voronjuk/.m2/repository/org/apache/maven/reporting/maven-reporting-api/3.0/maven-reporting-api-3.0.jar:/home/voronjuk/.m2/repository/org/apache/maven/maven-project/2.2.1/maven-project-2.2.1.jar:/home/voronjuk/.m2/repository/org/apache/maven/maven-profile/2.2.1/maven-profile-2.2.1.jar:/home/voronjuk/.m2/repository/org/apache/maven/maven-artifact-manager/2.2.1/maven-artifact-manager-2.2.1.jar:/home/voronjuk/.m2/repository/backport-util-concurrent/backport-util-concurrent/3.1/backport-util-concurrent-3.1.jar:/home/voronjuk/.m2/repository/org/apache/maven/maven-plugin-registry/2.2.1/maven-plugin-registry-2.2.1.jar:/home/voronjuk/.m2/repository/org/codehaus/plexus/plexus-container-default/1.0-alpha-9-stable-1/plexus-container-default-1.0-alpha-9-stable-1.jar:/home/voronjuk/.m2/repository/junit/junit/3.8.1/junit-3.8.1.jar:/home/voronjuk/.m2/repository/classworlds/classworlds/1.1-alpha-2/classworlds-1.1-alpha-2.jar:/home/voronjuk/.m2/repository/org/apache/maven/doxia/doxia-sink-api/1.6/doxia-sink-api-1.6.jar:/home/voronjuk/.m2/repository/org/apache/maven/doxia/doxia-logging-api/1.6/doxia-logging-api-1.6.jar:/home/voronjuk/.m2/repository/org/apache/maven/doxia/doxia-core/1.6/doxia-core-1.6.jar:/home/voronjuk/.m2/repository/xerces/xercesImpl/2.9.1/xercesImpl-2.9.1.jar:/home/voronjuk/.m2/repository/xmlunit/xmlunit/1.5/xmlunit-1.5.jar:/home/voronjuk/.m2/repository/org/apache/maven/doxia/doxia-site-renderer/1.6/doxia-site-renderer-1.6.jar:/home/voronjuk/.m2/repository/org/apache/maven/doxia/doxia-decoration-model/1.6/doxia-decoration-model-1.6.jar:/home/voronjuk/.m2/repository/org/apache/maven/doxia/doxia-module-xhtml/1.6/doxia-module-xhtml-1.6.jar:/home/voronjuk/.m2/repository/org/apache/maven/doxia/doxia-module-fml/1.6/doxia-module-fml-1.6.jar:/home/voronjuk/.m2/repository/org/codehaus/plexus/plexus-i18n/1.0-beta-7/plexus-i18n-1.0-beta-7.jar:/home/voronjuk/.m2/repository/org/codehaus/plexus/plexus-velocity/1.1.7/plexus-velocity-1.1.7.jar:/home/voronjuk/.m2/repository/org/apache/velocity/velocity-tools/2.0/velocity-tools-2.0.jar:/home/voronjuk/.m2/repository/commons-chain/commons-chain/1.1/commons-chain-1.1.jar:/home/voronjuk/.m2/repository/dom4j/dom4j/1.1/dom4j-1.1.jar:/home/voronjuk/.m2/repository/sslext/sslext/1.2-0/sslext-1.2-0.jar:/home/voronjuk/.m2/repository/org/apache/struts/struts-core/1.3.8/struts-core-1.3.8.jar:/home/voronjuk/.m2/repository/antlr/antlr/2.7.2/antlr-2.7.2.jar:/home/voronjuk/.m2/repository/org/apache/struts/struts-taglib/1.3.8/struts-taglib-1.3.8.jar:/home/voronjuk/.m2/repository/org/apache/struts/struts-tiles/1.3.8/struts-tiles-1.3.8.jar:/home/voronjuk/.m2/repository/commons-validator/commons-validator/1.4.1/commons-validator-1.4.1.jar:/home/voronjuk/.m2/repository/commons-digester/commons-digester/1.8.1/commons-digester-1.8.1.jar:/home/voronjuk/.m2/repository/commons-beanutils/commons-beanutils/1.9.3/commons-beanutils-1.9.3.jar:/home/voronjuk/.m2/repository/commons-collections/commons-collections/3.2.2/commons-collections-3.2.2.jar:/home/voronjuk/.m2/repository/org/apache/maven/plugin-tools/maven-plugin-annotations/3.2/maven-plugin-annotations-3.2.jar:/home/voronjuk/.m2/repository/org/apache/maven/plugins/maven-jxr-plugin/2.5/maven-jxr-plugin-2.5.jar:/home/voronjuk/.m2/repository/org/apache/velocity/velocity/1.5/velocity-1.5.jar:/home/voronjuk/.m2/repository/oro/oro/2.0.8/oro-2.0.8.jar:/home/voronjuk/.m2/repository/org/apache/maven/maven-jxr/2.5/maven-jxr-2.5.jar:/home/voronjuk/.m2/repository/org/apache/maven/wagon/wagon-provider-api/1.0/wagon-provider-api-1.0.jar:/home/voronjuk/.m2/repository/xml-apis/xml-apis/1.0.b2/xml-apis-1.0.b2.jar:/home/voronjuk/.m2/repository/xalan/xalan/2.7.0/xalan-2.7.0.jar:/home/voronjuk/.m2/repository/org/apache/maven/surefire/surefire-junit-platform/2.22.2/surefire-junit-platform-2.22.2.jar"/>
    <property name="java.vm.vendor" value="Ubuntu"/>
    <property name="sun.arch.data.model" value="64"/>
    <property name="java.vendor.url" value="https://ubuntu.com/"/>
    <property name="user.timezone" value="Europe/Zaporozhye"/>
    <property name="java.vm.specification.version" value="11"/>
    <property name="os.name" value="Linux"/>
    <property name="sun.java.launcher" value="SUN_STANDARD"/>
    <property name="user.country" value="RU"/>
    <property name="sun.boot.library.path" value="/usr/lib/jvm/java-11-openjdk-amd64/lib"/>
    <property name="sun.java.command" value="org.apache.maven.surefire.booter.ForkedBooter /home/voronjuk/IdeaProjects/AllureJenkins/target/surefire 2021-05-26T09-33-53_947-jvmRun1 surefire1704145975704576389tmp surefire_02896597599069927856tmp"/>
    <property name="jdk.debug" value="release"/>
    <property name="surefire.test.class.path" value="/home/voronjuk/IdeaProjects/AllureJenkins/target/test-classes:/home/voronjuk/IdeaProjects/AllureJenkins/target/classes:/home/voronjuk/.m2/repository/org/junit/jupiter/junit-jupiter-engine/5.5.2/junit-jupiter-engine-5.5.2.jar:/home/voronjuk/.m2/repository/org/apiguardian/apiguardian-api/1.1.0/apiguardian-api-1.1.0.jar:/home/voronjuk/.m2/repository/org/junit/platform/junit-platform-engine/1.5.2/junit-platform-engine-1.5.2.jar:/home/voronjuk/.m2/repository/org/opentest4j/opentest4j/1.2.0/opentest4j-1.2.0.jar:/home/voronjuk/.m2/repository/org/junit/platform/junit-platform-commons/1.5.2/junit-platform-commons-1.5.2.jar:/home/voronjuk/.m2/repository/org/junit/jupiter/junit-jupiter-api/5.5.2/junit-jupiter-api-5.5.2.jar:/home/voronjuk/.m2/repository/com/codeborne/selenide/5.19.0/selenide-5.19.0.jar:/home/voronjuk/.m2/repository/org/rauschig/jarchivelib/1.1.0/jarchivelib-1.1.0.jar:/home/voronjuk/.m2/repository/org/apache/commons/commons-compress/1.20/commons-compress-1.20.jar:/home/voronjuk/.m2/repository/org/apache/httpcomponents/client5/httpclient5/5.0.3/httpclient5-5.0.3.jar:/home/voronjuk/.m2/repository/org/apache/httpcomponents/core5/httpcore5/5.0.2/httpcore5-5.0.2.jar:/home/voronjuk/.m2/repository/commons-codec/commons-codec/1.13/commons-codec-1.13.jar:/home/voronjuk/.m2/repository/com/google/guava/guava/30.1-jre/guava-30.1-jre.jar:/home/voronjuk/.m2/repository/com/google/guava/failureaccess/1.0.1/failureaccess-1.0.1.jar:/home/voronjuk/.m2/repository/com/google/guava/listenablefuture/9999.0-empty-to-avoid-conflict-with-guava/listenablefuture-9999.0-empty-to-avoid-conflict-with-guava.jar:/home/voronjuk/.m2/repository/com/google/code/findbugs/jsr305/3.0.2/jsr305-3.0.2.jar:/home/voronjuk/.m2/repository/org/checkerframework/checker-qual/3.5.0/checker-qual-3.5.0.jar:/home/voronjuk/.m2/repository/com/google/errorprone/error_prone_annotations/2.3.4/error_prone_annotations-2.3.4.jar:/home/voronjuk/.m2/repository/com/google/j2objc/j2objc-annotations/1.3/j2objc-annotations-1.3.jar:/home/voronjuk/.m2/repository/org/slf4j/slf4j-api/1.7.30/slf4j-api-1.7.30.jar:/home/voronjuk/.m2/repository/io/github/bonigarcia/webdrivermanager/3.8.0/webdrivermanager-3.8.0.jar:/home/voronjuk/.m2/repository/commons-io/commons-io/2.6/commons-io-2.6.jar:/home/voronjuk/.m2/repository/com/google/code/gson/gson/2.8.5/gson-2.8.5.jar:/home/voronjuk/.m2/repository/org/apache/commons/commons-lang3/3.8.1/commons-lang3-3.8.1.jar:/home/voronjuk/.m2/repository/org/apache/httpcomponents/httpclient/4.5.6/httpclient-4.5.6.jar:/home/voronjuk/.m2/repository/org/apache/httpcomponents/httpcore/4.4.10/httpcore-4.4.10.jar:/home/voronjuk/.m2/repository/commons-logging/commons-logging/1.2/commons-logging-1.2.jar:/home/voronjuk/.m2/repository/org/jsoup/jsoup/1.11.3/jsoup-1.11.3.jar:/home/voronjuk/.m2/repository/org/seleniumhq/selenium/selenium-java/3.141.59/selenium-java-3.141.59.jar:/home/voronjuk/.m2/repository/org/seleniumhq/selenium/selenium-api/3.141.59/selenium-api-3.141.59.jar:/home/voronjuk/.m2/repository/org/seleniumhq/selenium/selenium-chrome-driver/3.141.59/selenium-chrome-driver-3.141.59.jar:/home/voronjuk/.m2/repository/org/seleniumhq/selenium/selenium-edge-driver/3.141.59/selenium-edge-driver-3.141.59.jar:/home/voronjuk/.m2/repository/org/seleniumhq/selenium/selenium-firefox-driver/3.141.59/selenium-firefox-driver-3.141.59.jar:/home/voronjuk/.m2/repository/org/seleniumhq/selenium/selenium-ie-driver/3.141.59/selenium-ie-driver-3.141.59.jar:/home/voronjuk/.m2/repository/org/seleniumhq/selenium/selenium-opera-driver/3.141.59/selenium-opera-driver-3.141.59.jar:/home/voronjuk/.m2/repository/org/seleniumhq/selenium/selenium-remote-driver/3.141.59/selenium-remote-driver-3.141.59.jar:/home/voronjuk/.m2/repository/org/seleniumhq/selenium/selenium-safari-driver/3.141.59/selenium-safari-driver-3.141.59.jar:/home/voronjuk/.m2/repository/org/seleniumhq/selenium/selenium-support/3.141.59/selenium-support-3.141.59.jar:/home/voronjuk/.m2/repository/net/bytebuddy/byte-buddy/1.8.15/byte-buddy-1.8.15.jar:/home/voronjuk/.m2/repository/org/apache/commons/commons-exec/1.3/commons-exec-1.3.jar:/home/voronjuk/.m2/repository/com/squareup/okhttp3/okhttp/3.11.0/okhttp-3.11.0.jar:/home/voronjuk/.m2/repository/com/squareup/okio/okio/1.14.0/okio-1.14.0.jar:/home/voronjuk/.m2/repository/ch/qos/logback/logback-classic/1.1.1/logback-classic-1.1.1.jar:/home/voronjuk/.m2/repository/ch/qos/logback/logback-core/1.1.1/logback-core-1.1.1.jar:/home/voronjuk/.m2/repository/io/qameta/allure/allure-junit5/2.13.1/allure-junit5-2.13.1.jar:/home/voronjuk/.m2/repository/io/qameta/allure/allure-junit-platform/2.13.1/allure-junit-platform-2.13.1.jar:/home/voronjuk/.m2/repository/io/qameta/allure/allure-java-commons/2.13.1/allure-java-commons-2.13.1.jar:/home/voronjuk/.m2/repository/io/qameta/allure/allure-model/2.13.1/allure-model-2.13.1.jar:/home/voronjuk/.m2/repository/com/fasterxml/jackson/core/jackson-databind/2.9.8/jackson-databind-2.9.8.jar:/home/voronjuk/.m2/repository/com/fasterxml/jackson/core/jackson-annotations/2.9.0/jackson-annotations-2.9.0.jar:/home/voronjuk/.m2/repository/com/fasterxml/jackson/core/jackson-core/2.9.8/jackson-core-2.9.8.jar:/home/voronjuk/.m2/repository/org/apache/tika/tika-core/1.20/tika-core-1.20.jar:/home/voronjuk/.m2/repository/org/jooq/joor-java-8/0.9.10/joor-java-8-0.9.10.jar:/home/voronjuk/.m2/repository/org/junit/platform/junit-platform-launcher/1.5.2/junit-platform-launcher-1.5.2.jar:/home/voronjuk/.m2/repository/org/apache/maven/plugins/maven-compiler-plugin/3.8.1/maven-compiler-plugin-3.8.1.jar:/home/voronjuk/.m2/repository/org/apache/maven/maven-plugin-api/3.0/maven-plugin-api-3.0.jar:/home/voronjuk/.m2/repository/org/apache/maven/maven-model/3.0/maven-model-3.0.jar:/home/voronjuk/.m2/repository/org/sonatype/sisu/sisu-inject-plexus/1.4.2/sisu-inject-plexus-1.4.2.jar:/home/voronjuk/.m2/repository/org/sonatype/sisu/sisu-inject-bean/1.4.2/sisu-inject-bean-1.4.2.jar:/home/voronjuk/.m2/repository/org/sonatype/sisu/sisu-guice/2.1.7/sisu-guice-2.1.7-noaop.jar:/home/voronjuk/.m2/repository/org/apache/maven/maven-artifact/3.0/maven-artifact-3.0.jar:/home/voronjuk/.m2/repository/org/codehaus/plexus/plexus-utils/2.0.4/plexus-utils-2.0.4.jar:/home/voronjuk/.m2/repository/org/apache/maven/maven-core/3.0/maven-core-3.0.jar:/home/voronjuk/.m2/repository/org/apache/maven/maven-settings/3.0/maven-settings-3.0.jar:/home/voronjuk/.m2/repository/org/apache/maven/maven-settings-builder/3.0/maven-settings-builder-3.0.jar:/home/voronjuk/.m2/repository/org/apache/maven/maven-repository-metadata/3.0/maven-repository-metadata-3.0.jar:/home/voronjuk/.m2/repository/org/apache/maven/maven-model-builder/3.0/maven-model-builder-3.0.jar:/home/voronjuk/.m2/repository/org/apache/maven/maven-aether-provider/3.0/maven-aether-provider-3.0.jar:/home/voronjuk/.m2/repository/org/sonatype/aether/aether-impl/1.7/aether-impl-1.7.jar:/home/voronjuk/.m2/repository/org/sonatype/aether/aether-spi/1.7/aether-spi-1.7.jar:/home/voronjuk/.m2/repository/org/sonatype/aether/aether-api/1.7/aether-api-1.7.jar:/home/voronjuk/.m2/repository/org/sonatype/aether/aether-util/1.7/aether-util-1.7.jar:/home/voronjuk/.m2/repository/org/codehaus/plexus/plexus-interpolation/1.14/plexus-interpolation-1.14.jar:/home/voronjuk/.m2/repository/org/codehaus/plexus/plexus-classworlds/2.2.3/plexus-classworlds-2.2.3.jar:/home/voronjuk/.m2/repository/org/codehaus/plexus/plexus-component-annotations/1.5.5/plexus-component-annotations-1.5.5.jar:/home/voronjuk/.m2/repository/org/sonatype/plexus/plexus-sec-dispatcher/1.3/plexus-sec-dispatcher-1.3.jar:/home/voronjuk/.m2/repository/org/sonatype/plexus/plexus-cipher/1.4/plexus-cipher-1.4.jar:/home/voronjuk/.m2/repository/org/apache/maven/shared/maven-shared-utils/3.2.1/maven-shared-utils-3.2.1.jar:/home/voronjuk/.m2/repository/org/apache/maven/shared/maven-shared-incremental/1.1/maven-shared-incremental-1.1.jar:/home/voronjuk/.m2/repository/org/codehaus/plexus/plexus-java/0.9.10/plexus-java-0.9.10.jar:/home/voronjuk/.m2/repository/org/ow2/asm/asm/6.2/asm-6.2.jar:/home/voronjuk/.m2/repository/com/thoughtworks/qdox/qdox/2.0-M8/qdox-2.0-M8.jar:/home/voronjuk/.m2/repository/org/codehaus/plexus/plexus-compiler-api/2.8.4/plexus-compiler-api-2.8.4.jar:/home/voronjuk/.m2/repository/org/codehaus/plexus/plexus-compiler-manager/2.8.4/plexus-compiler-manager-2.8.4.jar:/home/voronjuk/.m2/repository/org/codehaus/plexus/plexus-compiler-javac/2.8.4/plexus-compiler-javac-2.8.4.jar:/home/voronjuk/.m2/repository/ru/yandex/qatools/allure/allure-maven-plugin/2.6/allure-maven-plugin-2.6.jar:/home/voronjuk/.m2/repository/ru/yandex/qatools/clay/clay-aether/2.5/clay-aether-2.5.jar:/home/voronjuk/.m2/repository/org/eclipse/aether/aether-api/1.0.1.v20141111/aether-api-1.0.1.v20141111.jar:/home/voronjuk/.m2/repository/org/eclipse/aether/aether-util/1.0.1.v20141111/aether-util-1.0.1.v20141111.jar:/home/voronjuk/.m2/repository/org/eclipse/aether/aether-impl/1.0.1.v20141111/aether-impl-1.0.1.v20141111.jar:/home/voronjuk/.m2/repository/org/eclipse/aether/aether-spi/1.0.1.v20141111/aether-spi-1.0.1.v20141111.jar:/home/voronjuk/.m2/repository/org/eclipse/aether/aether-connector-basic/1.0.1.v20141111/aether-connector-basic-1.0.1.v20141111.jar:/home/voronjuk/.m2/repository/org/eclipse/aether/aether-transport-file/1.0.1.v20141111/aether-transport-file-1.0.1.v20141111.jar:/home/voronjuk/.m2/repository/org/eclipse/aether/aether-transport-http/1.0.1.v20141111/aether-transport-http-1.0.1.v20141111.jar:/home/voronjuk/.m2/repository/org/slf4j/jcl-over-slf4j/1.6.2/jcl-over-slf4j-1.6.2.jar:/home/voronjuk/.m2/repository/org/eclipse/aether/aether-transport-wagon/1.0.1.v20141111/aether-transport-wagon-1.0.1.v20141111.jar:/home/voronjuk/.m2/repository/org/apache/maven/wagon/wagon-ssh/2.6/wagon-ssh-2.6.jar:/home/voronjuk/.m2/repository/com/jcraft/jsch/0.1.50/jsch-0.1.50.jar:/home/voronjuk/.m2/repository/com/jcraft/jsch.agentproxy.connector-factory/0.0.6/jsch.agentproxy.connector-factory-0.0.6.jar:/home/voronjuk/.m2/repository/com/jcraft/jsch.agentproxy.core/0.0.6/jsch.agentproxy.core-0.0.6.jar:/home/voronjuk/.m2/repository/com/jcraft/jsch.agentproxy.usocket-jna/0.0.6/jsch.agentproxy.usocket-jna-0.0.6.jar:/home/voronjuk/.m2/repository/net/java/dev/jna/jna/3.4.0/jna-3.4.0.jar:/home/voronjuk/.m2/repository/net/java/dev/jna/platform/3.4.0/platform-3.4.0.jar:/home/voronjuk/.m2/repository/com/jcraft/jsch.agentproxy.usocket-nc/0.0.6/jsch.agentproxy.usocket-nc-0.0.6.jar:/home/voronjuk/.m2/repository/com/jcraft/jsch.agentproxy.sshagent/0.0.6/jsch.agentproxy.sshagent-0.0.6.jar:/home/voronjuk/.m2/repository/com/jcraft/jsch.agentproxy.pageant/0.0.6/jsch.agentproxy.pageant-0.0.6.jar:/home/voronjuk/.m2/repository/com/jcraft/jsch.agentproxy.jsch/0.0.6/jsch.agentproxy.jsch-0.0.6.jar:/home/voronjuk/.m2/repository/org/apache/maven/wagon/wagon-ssh-common/2.6/wagon-ssh-common-2.6.jar:/home/voronjuk/.m2/repository/org/codehaus/plexus/plexus-interactivity-api/1.0-alpha-6/plexus-interactivity-api-1.0-alpha-6.jar:/home/voronjuk/.m2/repository/org/apache/maven/wagon/wagon-file/2.6/wagon-file-2.6.jar:/home/voronjuk/.m2/repository/commons-lang/commons-lang/2.6/commons-lang-2.6.jar:/home/voronjuk/.m2/repository/org/apache/maven/wagon/wagon-http/2.6/wagon-http-2.6.jar:/home/voronjuk/.m2/repository/org/apache/maven/wagon/wagon-http-shared/2.6/wagon-http-shared-2.6.jar:/home/voronjuk/.m2/repository/org/apache/maven/wagon/wagon-http-lightweight/2.6/wagon-http-lightweight-2.6.jar:/home/voronjuk/.m2/repository/ru/yandex/qatools/clay/clay-maven-settings-builder/2.5/clay-maven-settings-builder-2.5.jar:/home/voronjuk/.m2/repository/org/apache/maven/reporting/maven-reporting-impl/2.4/maven-reporting-impl-2.4.jar:/home/voronjuk/.m2/repository/org/apache/maven/reporting/maven-reporting-api/3.0/maven-reporting-api-3.0.jar:/home/voronjuk/.m2/repository/org/apache/maven/maven-project/2.2.1/maven-project-2.2.1.jar:/home/voronjuk/.m2/repository/org/apache/maven/maven-profile/2.2.1/maven-profile-2.2.1.jar:/home/voronjuk/.m2/repository/org/apache/maven/maven-artifact-manager/2.2.1/maven-artifact-manager-2.2.1.jar:/home/voronjuk/.m2/repository/backport-util-concurrent/backport-util-concurrent/3.1/backport-util-concurrent-3.1.jar:/home/voronjuk/.m2/repository/org/apache/maven/maven-plugin-registry/2.2.1/maven-plugin-registry-2.2.1.jar:/home/voronjuk/.m2/repository/org/codehaus/plexus/plexus-container-default/1.0-alpha-9-stable-1/plexus-container-default-1.0-alpha-9-stable-1.jar:/home/voronjuk/.m2/repository/junit/junit/3.8.1/junit-3.8.1.jar:/home/voronjuk/.m2/repository/classworlds/classworlds/1.1-alpha-2/classworlds-1.1-alpha-2.jar:/home/voronjuk/.m2/repository/org/apache/maven/doxia/doxia-sink-api/1.6/doxia-sink-api-1.6.jar:/home/voronjuk/.m2/repository/org/apache/maven/doxia/doxia-logging-api/1.6/doxia-logging-api-1.6.jar:/home/voronjuk/.m2/repository/org/apache/maven/doxia/doxia-core/1.6/doxia-core-1.6.jar:/home/voronjuk/.m2/repository/xerces/xercesImpl/2.9.1/xercesImpl-2.9.1.jar:/home/voronjuk/.m2/repository/xmlunit/xmlunit/1.5/xmlunit-1.5.jar:/home/voronjuk/.m2/repository/org/apache/maven/doxia/doxia-site-renderer/1.6/doxia-site-renderer-1.6.jar:/home/voronjuk/.m2/repository/org/apache/maven/doxia/doxia-decoration-model/1.6/doxia-decoration-model-1.6.jar:/home/voronjuk/.m2/repository/org/apache/maven/doxia/doxia-module-xhtml/1.6/doxia-module-xhtml-1.6.jar:/home/voronjuk/.m2/repository/org/apache/maven/doxia/doxia-module-fml/1.6/doxia-module-fml-1.6.jar:/home/voronjuk/.m2/repository/org/codehaus/plexus/plexus-i18n/1.0-beta-7/plexus-i18n-1.0-beta-7.jar:/home/voronjuk/.m2/repository/org/codehaus/plexus/plexus-velocity/1.1.7/plexus-velocity-1.1.7.jar:/home/voronjuk/.m2/repository/org/apache/velocity/velocity-tools/2.0/velocity-tools-2.0.jar:/home/voronjuk/.m2/repository/commons-chain/commons-chain/1.1/commons-chain-1.1.jar:/home/voronjuk/.m2/repository/dom4j/dom4j/1.1/dom4j-1.1.jar:/home/voronjuk/.m2/repository/sslext/sslext/1.2-0/sslext-1.2-0.jar:/home/voronjuk/.m2/repository/org/apache/struts/struts-core/1.3.8/struts-core-1.3.8.jar:/home/voronjuk/.m2/repository/antlr/antlr/2.7.2/antlr-2.7.2.jar:/home/voronjuk/.m2/repository/org/apache/struts/struts-taglib/1.3.8/struts-taglib-1.3.8.jar:/home/voronjuk/.m2/repository/org/apache/struts/struts-tiles/1.3.8/struts-tiles-1.3.8.jar:/home/voronjuk/.m2/repository/commons-validator/commons-validator/1.4.1/commons-validator-1.4.1.jar:/home/voronjuk/.m2/repository/commons-digester/commons-digester/1.8.1/commons-digester-1.8.1.jar:/home/voronjuk/.m2/repository/commons-beanutils/commons-beanutils/1.9.3/commons-beanutils-1.9.3.jar:/home/voronjuk/.m2/repository/commons-collections/commons-collections/3.2.2/commons-collections-3.2.2.jar:/home/voronjuk/.m2/repository/org/apache/maven/plugin-tools/maven-plugin-annotations/3.2/maven-plugin-annotations-3.2.jar:/home/voronjuk/.m2/repository/org/apache/maven/plugins/maven-jxr-plugin/2.5/maven-jxr-plugin-2.5.jar:/home/voronjuk/.m2/repository/org/apache/velocity/velocity/1.5/velocity-1.5.jar:/home/voronjuk/.m2/repository/oro/oro/2.0.8/oro-2.0.8.jar:/home/voronjuk/.m2/repository/org/apache/maven/maven-jxr/2.5/maven-jxr-2.5.jar:/home/voronjuk/.m2/repository/org/apache/maven/wagon/wagon-provider-api/1.0/wagon-provider-api-1.0.jar:/home/voronjuk/.m2/repository/xml-apis/xml-apis/1.0.b2/xml-apis-1.0.b2.jar:/home/voronjuk/.m2/repository/xalan/xalan/2.7.0/xalan-2.7.0.jar:"/>
    <property name="allure.results.directory" value="/home/voronjuk/IdeaProjects/AllureJenkins/target/allure-results"/>
    <property name="sun.cpu.endian" value="little"/>
    <property name="user.home" value="/home/voronjuk"/>
    <property name="user.language" value="ru"/>
    <property name="java.specification.vendor" value="Oracle Corporation"/>
    <property name="java.version.date" value="2021-04-20"/>
    <property name="java.home" value="/usr/lib/jvm/java-11-openjdk-amd64"/>
    <property name="file.separator" value="/"/>
    <property name="basedir" value="/home/voronjuk/IdeaProjects/AllureJenkins"/>
    <property name="java.vm.compressedOopsMode" value="32-bit"/>
    <property name="line.separator" value="&#10;"/>
    <property name="java.specification.name" value="Java Platform API Specification"/>
    <property name="java.vm.specification.vendor" value="Oracle Corporation"/>
    <property name="java.awt.graphicsenv" value="sun.awt.X11GraphicsEnvironment"/>
    <property name="sun.management.compiler" value="HotSpot 64-Bit Tiered Compilers"/>
    <property name="java.runtime.version" value="11.0.11+9-Ubuntu-0ubuntu2.20.04"/>
    <property name="user.name" value="voronjuk"/>
    <property name="path.separator" value=":"/>
    <property name="os.version" value="5.4.0-73-generic"/>
    <property name="java.runtime.name" value="OpenJDK Runtime Environment"/>
    <property name="file.encoding" value="UTF-8"/>
    <property name="java.vm.name" value="OpenJDK 64-Bit Server VM"/>
    <property name="localRepository" value="/home/voronjuk/.m2/repository"/>
    <property name="java.vendor.url.bug" value="https://bugs.launchpad.net/ubuntu/+source/openjdk-lts"/>
    <property name="java.io.tmpdir" value="/tmp"/>
    <property name="java.version" value="11.0.11"/>
    <property name="user.dir" value="/home/voronjuk/IdeaProjects/AllureJenkins"/>
    <property name="os.arch" value="amd64"/>
    <property name="java.vm.specification.name" value="Java Virtual Machine Specification"/>
    <property name="java.awt.printerjob" value="sun.print.PSPrinterJob"/>
    <property name="sun.os.patch.level" value="unknown"/>
    <property name="java.library.path" value="/usr/java/packages/lib:/usr/lib/x86_64-linux-gnu/jni:/lib/x86_64-linux-gnu:/usr/lib/x86_64-linux-gnu:/usr/lib/jni:/lib:/usr/lib"/>
    <property name="java.vm.info" value="mixed mode"/>
    <property name="java.vendor" value="Ubuntu"/>
    <property name="java.vm.version" value="11.0.11+9-Ubuntu-0ubuntu2.20.04"/>
    <property name="sun.io.unicode.encoding" value="UnicodeLittle"/>
    <property name="java.class.version" value="55.0"/>
  </properties>
  <testcase name="CheckOnPage" classname="SecondTest" time="22.45"/>
</testsuite>